# JRE version: OpenJDK Runtime Environment (17.0.7) (build 17.0.7+0-b2043.56-10550314)
# Java VM: OpenJDK 64-Bit Server VM (17.0.7+0-b2043.56-10550314, mixed mode, tiered, compressed oops, compressed class ptrs, g1 gc, windows-amd64)
GC Precious Log:
 CPUs: 8 total, 8 available
 Memory: 8073M
 Large Page Support: Disabled
 NUMA Support: Disabled
 Compressed Oops: Enabled (32-bit)
 Heap Region Size: 1M
 Heap Min Capacity: 8M
 Heap Initial Capacity: 128M
 Heap Max Capacity: 2G
 Pre-touch: Disabled
 Parallel Workers: 8
 Concurrent Workers: 2
 Concurrent Refinement Workers: 8
 Periodic GC: Disabled
Heap:
 garbage-first heap   total 283648K, used 168318K [0x0000000080000000, 0x0000000100000000)
  region size 1024K, 4 young (4096K), 4 survivors (4096K)
 Metaspace       used 113024K, committed 113856K, reserved 1179648K
  class space    used 15361K, committed 15744K, reserved 1048576K
GC Heap History (20 events):
Event: 15.033 GC heap after
{Heap after GC invocations=32 (full 0):
 garbage-first heap   total 258048K, used 76143K [0x0000000080000000, 0x0000000100000000)
  region size 1024K, 1 young (1024K), 1 survivors (1024K)
 Metaspace       used 74953K, committed 75520K, reserved 1179648K
  class space    used 10055K, committed 10304K, reserved 1048576K
}
Event: 17.511 GC heap before
{Heap before GC invocations=32 (full 0):
 garbage-first heap   total 258048K, used 191855K [0x0000000080000000, 0x0000000100000000)
  region size 1024K, 114 young (116736K), 1 survivors (1024K)
 Metaspace       used 83378K, committed 84032K, reserved 1179648K
  class space    used 11206K, committed 11520K, reserved 1048576K
}
Event: 17.531 GC heap after
{Heap after GC invocations=33 (full 0):
 garbage-first heap   total 258048K, used 83623K [0x0000000080000000, 0x0000000100000000)
  region size 1024K, 8 young (8192K), 8 survivors (8192K)
 Metaspace       used 83378K, committed 84032K, reserved 1179648K
  class space    used 11206K, committed 11520K, reserved 1048576K
}
Event: 19.862 GC heap before
{Heap before GC invocations=33 (full 0):
 garbage-first heap   total 258048K, used 201383K [0x0000000080000000, 0x0000000100000000)
  region size 1024K, 122 young (124928K), 8 survivors (8192K)
 Metaspace       used 91255K, committed 91904K, reserved 1179648K
  class space    used 12517K, committed 12800K, reserved 1048576K
}
Event: 19.885 GC heap after
{Heap after GC invocations=34 (full 0):
 garbage-first heap   total 258048K, used 90133K [0x0000000080000000, 0x0000000100000000)
  region size 1024K, 15 young (15360K), 15 survivors (15360K)
 Metaspace       used 91255K, committed 91904K, reserved 1179648K
  class space    used 12517K, committed 12800K, reserved 1048576K
}
Event: 22.161 GC heap before
{Heap before GC invocations=34 (full 0):
 garbage-first heap   total 258048K, used 203797K [0x0000000080000000, 0x0000000100000000)
  region size 1024K, 126 young (129024K), 15 survivors (15360K)
 Metaspace       used 100078K, committed 100736K, reserved 1179648K
  class space    used 13757K, committed 14080K, reserved 1048576K
}
Event: 22.185 GC heap after
{Heap after GC invocations=35 (full 0):
 garbage-first heap   total 258048K, used 97985K [0x0000000080000000, 0x0000000100000000)
  region size 1024K, 15 young (15360K), 15 survivors (15360K)
 Metaspace       used 100078K, committed 100736K, reserved 1179648K
  class space    used 13757K, committed 14080K, reserved 1048576K
}
Event: 24.316 GC heap before
{Heap before GC invocations=35 (full 0):
 garbage-first heap   total 258048K, used 206529K [0x0000000080000000, 0x0000000100000000)
  region size 1024K, 121 young (123904K), 15 survivors (15360K)
 Metaspace       used 103003K, committed 103744K, reserved 1179648K
  class space    used 14190K, committed 14528K, reserved 1048576K
}
Event: 24.357 GC heap after
{Heap after GC invocations=36 (full 0):
 garbage-first heap   total 258048K, used 111896K [0x0000000080000000, 0x0000000100000000)
  region size 1024K, 16 young (16384K), 16 survivors (16384K)
 Metaspace       used 103003K, committed 103744K, reserved 1179648K
  class space    used 14190K, committed 14528K, reserved 1048576K
}
Event: 25.392 GC heap before
{Heap before GC invocations=36 (full 0):
 garbage-first heap   total 258048K, used 203032K [0x0000000080000000, 0x0000000100000000)
  region size 1024K, 106 young (108544K), 16 survivors (16384K)
 Metaspace       used 103890K, committed 104576K, reserved 1179648K
  class space    used 14330K, committed 14656K, reserved 1048576K
}
Event: 25.420 GC heap after
{Heap after GC invocations=37 (full 0):
 garbage-first heap   total 258048K, used 122107K [0x0000000080000000, 0x0000000100000000)
  region size 1024K, 9 young (9216K), 9 survivors (9216K)
 Metaspace       used 103890K, committed 104576K, reserved 1179648K
  class space    used 14330K, committed 14656K, reserved 1048576K
}
Event: 27.257 GC heap before
{Heap before GC invocations=37 (full 0):
 garbage-first heap   total 258048K, used 215291K [0x0000000080000000, 0x0000000100000000)
  region size 1024K, 92 young (94208K), 9 survivors (9216K)
 Metaspace       used 107342K, committed 108160K, reserved 1179648K
  class space    used 14698K, committed 15104K, reserved 1048576K
}
Event: 27.300 GC heap after
{Heap after GC invocations=38 (full 0):
 garbage-first heap   total 261120K, used 157696K [0x0000000080000000, 0x0000000100000000)
  region size 1024K, 12 young (12288K), 12 survivors (12288K)
 Metaspace       used 107342K, committed 108160K, reserved 1179648K
  class space    used 14698K, committed 15104K, reserved 1048576K
}
Event: 28.031 GC heap before
{Heap before GC invocations=38 (full 0):
 garbage-first heap   total 261120K, used 193536K [0x0000000080000000, 0x0000000100000000)
  region size 1024K, 48 young (49152K), 12 survivors (12288K)
 Metaspace       used 107908K, committed 108736K, reserved 1179648K
  class space    used 14766K, committed 15168K, reserved 1048576K
}
Event: 28.052 GC heap after
{Heap after GC invocations=39 (full 0):
 garbage-first heap   total 261120K, used 163617K [0x0000000080000000, 0x0000000100000000)
  region size 1024K, 4 young (4096K), 4 survivors (4096K)
 Metaspace       used 107908K, committed 108736K, reserved 1179648K
  class space    used 14766K, committed 15168K, reserved 1048576K
}
Event: 29.613 GC heap before
{Heap before GC invocations=40 (full 0):
 garbage-first heap   total 283648K, used 230177K [0x0000000080000000, 0x0000000100000000)
  region size 1024K, 40 young (40960K), 4 survivors (4096K)
 Metaspace       used 110290K, committed 111104K, reserved 1179648K
  class space    used 15077K, committed 15488K, reserved 1048576K
}
Event: 29.623 GC heap after
{Heap after GC invocations=41 (full 0):
 garbage-first heap   total 283648K, used 166912K [0x0000000080000000, 0x0000000100000000)
  region size 1024K, 5 young (5120K), 5 survivors (5120K)
 Metaspace       used 110290K, committed 111104K, reserved 1179648K
  class space    used 15077K, committed 15488K, reserved 1048576K
}
Event: 29.776 GC heap before
{Heap before GC invocations=41 (full 0):
 garbage-first heap   total 283648K, used 174080K [0x0000000080000000, 0x0000000100000000)
  region size 1024K, 13 young (13312K), 5 survivors (5120K)
 Metaspace       used 111247K, committed 112000K, reserved 1179648K
  class space    used 15181K, committed 15552K, reserved 1048576K
}
Event: 29.791 GC heap after
{Heap after GC invocations=42 (full 0):
 garbage-first heap   total 283648K, used 166139K [0x0000000080000000, 0x0000000100000000)
  region size 1024K, 2 young (2048K), 2 survivors (2048K)
 Metaspace       used 111247K, committed 112000K, reserved 1179648K
  class space    used 15181K, committed 15552K, reserved 1048576K
}
Event: 30.745 GC heap before
{Heap before GC invocations=42 (full 0):
 garbage-first heap   total 283648K, used 219387K [0x0000000080000000, 0x0000000100000000)
  region size 1024K, 55 young (56320K), 2 survivors (2048K)
 Metaspace       used 113024K, committed 113856K, reserved 1179648K
  class space    used 15361K, committed 15744K, reserved 1048576K
}

