# JRE version: OpenJDK Runtime Environment (17.0.7) (build 17.0.7+0-b2043.56-10550314)
# Java VM: OpenJDK 64-Bit Server VM (17.0.7+0-b2043.56-10550314, mixed mode, tiered, compressed oops, compressed class ptrs, g1 gc, windows-amd64)
GC Precious Log:
 CPUs: 8 total, 8 available
 Memory: 8073M
 Large Page Support: Disabled
 NUMA Support: Disabled
 Compressed Oops: Enabled (32-bit)
 Heap Region Size: 1M
 Heap Min Capacity: 8M
 Heap Initial Capacity: 128M
 Heap Max Capacity: 2G
 Pre-touch: Disabled
 Parallel Workers: 8
 Concurrent Workers: 2
 Concurrent Refinement Workers: 8
 Periodic GC: Disabled
Heap:
 garbage-first heap   total 159744K, used 94832K [0x0000000080000000, 0x0000000100000000)
  region size 1024K, 2 young (2048K), 2 survivors (2048K)
 Metaspace       used 99126K, committed 99840K, reserved 1179648K
  class space    used 13682K, committed 14016K, reserved 1048576K
GC Heap History (20 events):
Event: 27.519 GC heap after
{Heap after GC invocations=41 (full 0):
 garbage-first heap   total 133120K, used 77797K [0x0000000080000000, 0x0000000100000000)
  region size 1024K, 3 young (3072K), 3 survivors (3072K)
 Metaspace       used 77609K, committed 78144K, reserved 1179648K
  class space    used 10417K, committed 10688K, reserved 1048576K
}
Event: 27.586 GC heap before
{Heap before GC invocations=41 (full 0):
 garbage-first heap   total 133120K, used 79845K [0x0000000080000000, 0x0000000100000000)
  region size 1024K, 6 young (6144K), 3 survivors (3072K)
 Metaspace       used 77909K, committed 78400K, reserved 1179648K
  class space    used 10467K, committed 10688K, reserved 1048576K
}
Event: 27.591 GC heap after
{Heap after GC invocations=42 (full 0):
 garbage-first heap   total 159744K, used 77510K [0x0000000080000000, 0x0000000100000000)
  region size 1024K, 1 young (1024K), 1 survivors (1024K)
 Metaspace       used 77909K, committed 78400K, reserved 1179648K
  class space    used 10467K, committed 10688K, reserved 1048576K
}
Event: 28.977 GC heap before
{Heap before GC invocations=42 (full 0):
 garbage-first heap   total 159744K, used 121542K [0x0000000080000000, 0x0000000100000000)
  region size 1024K, 44 young (45056K), 1 survivors (1024K)
 Metaspace       used 82247K, committed 82816K, reserved 1179648K
  class space    used 11041K, committed 11264K, reserved 1048576K
}
Event: 28.982 GC heap after
{Heap after GC invocations=43 (full 0):
 garbage-first heap   total 159744K, used 79730K [0x0000000080000000, 0x0000000100000000)
  region size 1024K, 3 young (3072K), 3 survivors (3072K)
 Metaspace       used 82247K, committed 82816K, reserved 1179648K
  class space    used 11041K, committed 11264K, reserved 1048576K
}
Event: 30.074 GC heap before
{Heap before GC invocations=44 (full 0):
 garbage-first heap   total 159744K, used 122738K [0x0000000080000000, 0x0000000100000000)
  region size 1024K, 46 young (47104K), 3 survivors (3072K)
 Metaspace       used 84031K, committed 84608K, reserved 1179648K
  class space    used 11278K, committed 11584K, reserved 1048576K
}
Event: 30.084 GC heap after
{Heap after GC invocations=45 (full 0):
 garbage-first heap   total 159744K, used 84098K [0x0000000080000000, 0x0000000100000000)
  region size 1024K, 6 young (6144K), 6 survivors (6144K)
 Metaspace       used 84031K, committed 84608K, reserved 1179648K
  class space    used 11278K, committed 11584K, reserved 1048576K
}
Event: 30.122 GC heap before
{Heap before GC invocations=45 (full 0):
 garbage-first heap   total 159744K, used 85122K [0x0000000080000000, 0x0000000100000000)
  region size 1024K, 7 young (7168K), 6 survivors (6144K)
 Metaspace       used 84121K, committed 84736K, reserved 1179648K
  class space    used 11290K, committed 11584K, reserved 1048576K
}
Event: 30.131 GC heap after
{Heap after GC invocations=46 (full 0):
 garbage-first heap   total 159744K, used 84593K [0x0000000080000000, 0x0000000100000000)
  region size 1024K, 1 young (1024K), 1 survivors (1024K)
 Metaspace       used 84121K, committed 84736K, reserved 1179648K
  class space    used 11290K, committed 11584K, reserved 1048576K
}
Event: 31.015 GC heap before
{Heap before GC invocations=46 (full 0):
 garbage-first heap   total 159744K, used 127601K [0x0000000080000000, 0x0000000100000000)
  region size 1024K, 42 young (43008K), 1 survivors (1024K)
 Metaspace       used 87243K, committed 87808K, reserved 1179648K
  class space    used 11755K, committed 12032K, reserved 1048576K
}
Event: 31.019 GC heap after
{Heap after GC invocations=47 (full 0):
 garbage-first heap   total 159744K, used 85195K [0x0000000080000000, 0x0000000100000000)
  region size 1024K, 2 young (2048K), 2 survivors (2048K)
 Metaspace       used 87243K, committed 87808K, reserved 1179648K
  class space    used 11755K, committed 12032K, reserved 1048576K
}
Event: 32.079 GC heap before
{Heap before GC invocations=48 (full 0):
 garbage-first heap   total 159744K, used 128203K [0x0000000080000000, 0x0000000100000000)
  region size 1024K, 44 young (45056K), 2 survivors (2048K)
 Metaspace       used 90597K, committed 91264K, reserved 1179648K
  class space    used 12393K, committed 12736K, reserved 1048576K
}
Event: 32.086 GC heap after
{Heap after GC invocations=49 (full 0):
 garbage-first heap   total 159744K, used 86917K [0x0000000080000000, 0x0000000100000000)
  region size 1024K, 4 young (4096K), 4 survivors (4096K)
 Metaspace       used 90597K, committed 91264K, reserved 1179648K
  class space    used 12393K, committed 12736K, reserved 1048576K
}
Event: 32.158 GC heap before
{Heap before GC invocations=49 (full 0):
 garbage-first heap   total 159744K, used 89989K [0x0000000080000000, 0x0000000100000000)
  region size 1024K, 7 young (7168K), 4 survivors (4096K)
 Metaspace       used 90852K, committed 91456K, reserved 1179648K
  class space    used 12440K, committed 12736K, reserved 1048576K
}
Event: 32.163 GC heap after
{Heap after GC invocations=50 (full 0):
 garbage-first heap   total 159744K, used 86564K [0x0000000080000000, 0x0000000100000000)
  region size 1024K, 1 young (1024K), 1 survivors (1024K)
 Metaspace       used 90852K, committed 91456K, reserved 1179648K
  class space    used 12440K, committed 12736K, reserved 1048576K
}
Event: 33.165 GC heap before
{Heap before GC invocations=50 (full 0):
 garbage-first heap   total 159744K, used 129572K [0x0000000080000000, 0x0000000100000000)
  region size 1024K, 43 young (44032K), 1 survivors (1024K)
 Metaspace       used 93290K, committed 94016K, reserved 1179648K
  class space    used 12795K, committed 13184K, reserved 1048576K
}
Event: 33.172 GC heap after
{Heap after GC invocations=51 (full 0):
 garbage-first heap   total 159744K, used 89370K [0x0000000080000000, 0x0000000100000000)
  region size 1024K, 4 young (4096K), 4 survivors (4096K)
 Metaspace       used 93290K, committed 94016K, reserved 1179648K
  class space    used 12795K, committed 13184K, reserved 1048576K
}
Event: 34.236 GC heap before
{Heap before GC invocations=51 (full 0):
 garbage-first heap   total 159744K, used 130330K [0x0000000080000000, 0x0000000100000000)
  region size 1024K, 44 young (45056K), 4 survivors (4096K)
 Metaspace       used 95992K, committed 96640K, reserved 1179648K
  class space    used 13176K, committed 13504K, reserved 1048576K
}
Event: 34.249 GC heap after
{Heap after GC invocations=52 (full 0):
 garbage-first heap   total 159744K, used 93147K [0x0000000080000000, 0x0000000100000000)
  region size 1024K, 4 young (4096K), 4 survivors (4096K)
 Metaspace       used 95992K, committed 96640K, reserved 1179648K
  class space    used 13176K, committed 13504K, reserved 1048576K
}
Event: 35.140 GC heap before
{Heap before GC invocations=52 (full 0):
 garbage-first heap   total 159744K, used 131035K [0x0000000080000000, 0x0000000100000000)
  region size 1024K, 41 young (41984K), 4 survivors (4096K)
 Metaspace       used 99126K, committed 99840K, reserved 1179648K
  class space    used 13682K, committed 14016K, reserved 1048576K
}

