# JRE version: OpenJDK Runtime Environment (17.0.7) (build 17.0.7+0-b2043.56-10550314)
# Java VM: OpenJDK 64-Bit Server VM (17.0.7+0-b2043.56-10550314, mixed mode, tiered, compressed oops, compressed class ptrs, g1 gc, windows-amd64)
GC Precious Log:
 CPUs: 8 total, 8 available
 Memory: 8073M
 Large Page Support: Disabled
 NUMA Support: Disabled
 Compressed Oops: Enabled (32-bit)
 Heap Region Size: 1M
 Heap Min Capacity: 8M
 Heap Initial Capacity: 128M
 Heap Max Capacity: 2G
 Pre-touch: Disabled
 Parallel Workers: 8
 Concurrent Workers: 2
 Concurrent Refinement Workers: 8
 Periodic GC: Disabled
Heap:
 garbage-first heap   total 229376K, used 161704K [0x0000000080000000, 0x0000000100000000)
  region size 1024K, 2 young (2048K), 2 survivors (2048K)
 Metaspace       used 107483K, committed 108224K, reserved 1179648K
  class space    used 14731K, committed 15104K, reserved 1048576K
GC Heap History (20 events):
Event: 64.345 GC heap after
{Heap after GC invocations=27 (full 0):
 garbage-first heap   total 224256K, used 64737K [0x0000000080000000, 0x0000000100000000)
  region size 1024K, 2 young (2048K), 2 survivors (2048K)
 Metaspace       used 68248K, committed 68864K, reserved 1114112K
  class space    used 9121K, committed 9408K, reserved 1048576K
}
Event: 67.155 GC heap before
{Heap before GC invocations=27 (full 0):
 garbage-first heap   total 224256K, used 175329K [0x0000000080000000, 0x0000000100000000)
  region size 1024K, 100 young (102400K), 2 survivors (2048K)
 Metaspace       used 75720K, committed 76288K, reserved 1179648K
  class space    used 10167K, committed 10432K, reserved 1048576K
}
Event: 67.170 GC heap after
{Heap after GC invocations=28 (full 0):
 garbage-first heap   total 224256K, used 76118K [0x0000000080000000, 0x0000000100000000)
  region size 1024K, 9 young (9216K), 9 survivors (9216K)
 Metaspace       used 75720K, committed 76288K, reserved 1179648K
  class space    used 10167K, committed 10432K, reserved 1048576K
}
Event: 69.113 GC heap before
{Heap before GC invocations=28 (full 0):
 garbage-first heap   total 224256K, used 168278K [0x0000000080000000, 0x0000000100000000)
  region size 1024K, 99 young (101376K), 9 survivors (9216K)
 Metaspace       used 82198K, committed 82752K, reserved 1179648K
  class space    used 11021K, committed 11264K, reserved 1048576K
}
Event: 69.127 GC heap after
{Heap after GC invocations=29 (full 0):
 garbage-first heap   total 224256K, used 83527K [0x0000000080000000, 0x0000000100000000)
  region size 1024K, 8 young (8192K), 8 survivors (8192K)
 Metaspace       used 82198K, committed 82752K, reserved 1179648K
  class space    used 11021K, committed 11264K, reserved 1048576K
}
Event: 70.865 GC heap before
{Heap before GC invocations=29 (full 0):
 garbage-first heap   total 224256K, used 174663K [0x0000000080000000, 0x0000000100000000)
  region size 1024K, 96 young (98304K), 8 survivors (8192K)
 Metaspace       used 88994K, committed 89600K, reserved 1179648K
  class space    used 12188K, committed 12480K, reserved 1048576K
}
Event: 70.877 GC heap after
{Heap after GC invocations=30 (full 0):
 garbage-first heap   total 224256K, used 87715K [0x0000000080000000, 0x0000000100000000)
  region size 1024K, 4 young (4096K), 4 survivors (4096K)
 Metaspace       used 88994K, committed 89600K, reserved 1179648K
  class space    used 12188K, committed 12480K, reserved 1048576K
}
Event: 72.857 GC heap before
{Heap before GC invocations=30 (full 0):
 garbage-first heap   total 224256K, used 178851K [0x0000000080000000, 0x0000000100000000)
  region size 1024K, 93 young (95232K), 4 survivors (4096K)
 Metaspace       used 94728K, committed 95360K, reserved 1179648K
  class space    used 13003K, committed 13312K, reserved 1048576K
}
Event: 72.874 GC heap after
{Heap after GC invocations=31 (full 0):
 garbage-first heap   total 224256K, used 94409K [0x0000000080000000, 0x0000000100000000)
  region size 1024K, 11 young (11264K), 11 survivors (11264K)
 Metaspace       used 94728K, committed 95360K, reserved 1179648K
  class space    used 13003K, committed 13312K, reserved 1048576K
}
Event: 74.695 GC heap before
{Heap before GC invocations=31 (full 0):
 garbage-first heap   total 224256K, used 181449K [0x0000000080000000, 0x0000000100000000)
  region size 1024K, 96 young (98304K), 11 survivors (11264K)
 Metaspace       used 101213K, committed 101952K, reserved 1179648K
  class space    used 13910K, committed 14272K, reserved 1048576K
}
Event: 74.716 GC heap after
{Heap after GC invocations=32 (full 0):
 garbage-first heap   total 224256K, used 101059K [0x0000000080000000, 0x0000000100000000)
  region size 1024K, 7 young (7168K), 7 survivors (7168K)
 Metaspace       used 101213K, committed 101952K, reserved 1179648K
  class space    used 13910K, committed 14272K, reserved 1048576K
}
Event: 76.265 GC heap before
{Heap before GC invocations=32 (full 0):
 garbage-first heap   total 224256K, used 180931K [0x0000000080000000, 0x0000000100000000)
  region size 1024K, 86 young (88064K), 7 survivors (7168K)
 Metaspace       used 103011K, committed 103808K, reserved 1179648K
  class space    used 14193K, committed 14592K, reserved 1048576K
}
Event: 76.293 GC heap after
{Heap after GC invocations=33 (full 0):
 garbage-first heap   total 224256K, used 112195K [0x0000000080000000, 0x0000000100000000)
  region size 1024K, 11 young (11264K), 11 survivors (11264K)
 Metaspace       used 103011K, committed 103808K, reserved 1179648K
  class space    used 14193K, committed 14592K, reserved 1048576K
}
Event: 77.234 GC heap before
{Heap before GC invocations=33 (full 0):
 garbage-first heap   total 224256K, used 179779K [0x0000000080000000, 0x0000000100000000)
  region size 1024K, 78 young (79872K), 11 survivors (11264K)
 Metaspace       used 103853K, committed 104576K, reserved 1179648K
  class space    used 14347K, committed 14720K, reserved 1048576K
}
Event: 77.257 GC heap after
{Heap after GC invocations=34 (full 0):
 garbage-first heap   total 224256K, used 120196K [0x0000000080000000, 0x0000000100000000)
  region size 1024K, 8 young (8192K), 8 survivors (8192K)
 Metaspace       used 103853K, committed 104576K, reserved 1179648K
  class space    used 14347K, committed 14720K, reserved 1048576K
}
Event: 78.692 GC heap before
{Heap before GC invocations=34 (full 0):
 garbage-first heap   total 224256K, used 181636K [0x0000000080000000, 0x0000000100000000)
  region size 1024K, 65 young (66560K), 8 survivors (8192K)
 Metaspace       used 104496K, committed 105216K, reserved 1179648K
  class space    used 14415K, committed 14784K, reserved 1048576K
}
Event: 78.709 GC heap after
{Heap after GC invocations=35 (full 0):
 garbage-first heap   total 224256K, used 125087K [0x0000000080000000, 0x0000000100000000)
  region size 1024K, 6 young (6144K), 6 survivors (6144K)
 Metaspace       used 104496K, committed 105216K, reserved 1179648K
  class space    used 14415K, committed 14784K, reserved 1048576K
}
Event: 79.999 GC heap before
{Heap before GC invocations=36 (full 0):
 garbage-first heap   total 224256K, used 186527K [0x0000000080000000, 0x0000000100000000)
  region size 1024K, 63 young (64512K), 6 survivors (6144K)
 Metaspace       used 107483K, committed 108224K, reserved 1179648K
  class space    used 14731K, committed 15104K, reserved 1048576K
}
Event: 80.045 GC heap after
{Heap after GC invocations=37 (full 0):
 garbage-first heap   total 229376K, used 159172K [0x0000000080000000, 0x0000000100000000)
  region size 1024K, 8 young (8192K), 8 survivors (8192K)
 Metaspace       used 107483K, committed 108224K, reserved 1179648K
  class space    used 14731K, committed 15104K, reserved 1048576K
}
Event: 80.087 GC heap before
{Heap before GC invocations=37 (full 0):
 garbage-first heap   total 229376K, used 162244K [0x0000000080000000, 0x0000000100000000)
  region size 1024K, 11 young (11264K), 8 survivors (8192K)
 Metaspace       used 107483K, committed 108224K, reserved 1179648K
  class space    used 14731K, committed 15104K, reserved 1048576K
}

