# JRE version: OpenJDK Runtime Environment (11.0.13) (build 11.0.13+0-b1751.21-8125866)
# Java VM: OpenJDK 64-Bit Server VM (11.0.13+0-b1751.21-8125866, mixed mode, tiered, compressed oops, g1 gc, windows-amd64)
Heap:
 garbage-first heap   total 172032K, used 54997K [0x0000000080000000, 0x0000000100000000)
  region size 1024K, 4 young (4096K), 4 survivors (4096K)
 Metaspace       used 65219K, capacity 66893K, committed 67112K, reserved 1110016K
  class space    used 8229K, capacity 8809K, committed 8908K, reserved 1048576K
GC Heap History (20 events):
Event: 2.705 GC heap after
{Heap after GC invocations=4 (full 0):
 garbage-first heap   total 98304K, used 17368K [0x0000000080000000, 0x0000000100000000)
  region size 1024K, 3 young (3072K), 3 survivors (3072K)
 Metaspace       used 20802K, capacity 21193K, committed 21296K, reserved 1069056K
  class space    used 2534K, capacity 2688K, committed 2688K, reserved 1048576K
}
Event: 3.653 GC heap before
{Heap before GC invocations=5 (full 0):
 garbage-first heap   total 98304K, used 66520K [0x0000000080000000, 0x0000000100000000)
  region size 1024K, 51 young (52224K), 3 survivors (3072K)
 Metaspace       used 26034K, capacity 26616K, committed 26752K, reserved 1073152K
  class space    used 3382K, capacity 3590K, committed 3712K, reserved 1048576K
}
Event: 3.660 GC heap after
{Heap after GC invocations=6 (full 0):
 garbage-first heap   total 98304K, used 19154K [0x0000000080000000, 0x0000000100000000)
  region size 1024K, 5 young (5120K), 5 survivors (5120K)
 Metaspace       used 26034K, capacity 26616K, committed 26752K, reserved 1073152K
  class space    used 3382K, capacity 3590K, committed 3712K, reserved 1048576K
}
Event: 4.638 GC heap before
{Heap before GC invocations=6 (full 0):
 garbage-first heap   total 98304K, used 69330K [0x0000000080000000, 0x0000000100000000)
  region size 1024K, 54 young (55296K), 5 survivors (5120K)
 Metaspace       used 30436K, capacity 31156K, committed 31232K, reserved 1077248K
  class space    used 4044K, capacity 4317K, committed 4352K, reserved 1048576K
}
Event: 4.647 GC heap after
{Heap after GC invocations=7 (full 0):
 garbage-first heap   total 118784K, used 20534K [0x0000000080000000, 0x0000000100000000)
  region size 1024K, 4 young (4096K), 4 survivors (4096K)
 Metaspace       used 30436K, capacity 31156K, committed 31232K, reserved 1077248K
  class space    used 4044K, capacity 4317K, committed 4352K, reserved 1048576K
}
Event: 5.291 GC heap before
{Heap before GC invocations=7 (full 0):
 garbage-first heap   total 118784K, used 36918K [0x0000000080000000, 0x0000000100000000)
  region size 1024K, 21 young (21504K), 4 survivors (4096K)
 Metaspace       used 35168K, capacity 35969K, committed 36048K, reserved 1081344K
  class space    used 4520K, capacity 4838K, committed 4864K, reserved 1048576K
}
Event: 5.307 GC heap after
{Heap after GC invocations=8 (full 0):
 garbage-first heap   total 118784K, used 22817K [0x0000000080000000, 0x0000000100000000)
  region size 1024K, 6 young (6144K), 6 survivors (6144K)
 Metaspace       used 35168K, capacity 35969K, committed 36048K, reserved 1081344K
  class space    used 4520K, capacity 4838K, committed 4864K, reserved 1048576K
}
Event: 6.384 GC heap before
{Heap before GC invocations=9 (full 0):
 garbage-first heap   total 118784K, used 81185K [0x0000000080000000, 0x0000000100000000)
  region size 1024K, 61 young (62464K), 6 survivors (6144K)
 Metaspace       used 39479K, capacity 40391K, committed 40732K, reserved 1085440K
  class space    used 4992K, capacity 5325K, committed 5452K, reserved 1048576K
}
Event: 6.397 GC heap after
{Heap after GC invocations=10 (full 0):
 garbage-first heap   total 118784K, used 28119K [0x0000000080000000, 0x0000000100000000)
  region size 1024K, 8 young (8192K), 8 survivors (8192K)
 Metaspace       used 39479K, capacity 40391K, committed 40732K, reserved 1085440K
  class space    used 4992K, capacity 5325K, committed 5452K, reserved 1048576K
}
Event: 7.557 GC heap before
{Heap before GC invocations=10 (full 0):
 garbage-first heap   total 118784K, used 84439K [0x0000000080000000, 0x0000000100000000)
  region size 1024K, 62 young (63488K), 8 survivors (8192K)
 Metaspace       used 44533K, capacity 45678K, committed 45980K, reserved 1091584K
  class space    used 5622K, capacity 6033K, committed 6092K, reserved 1048576K
}
Event: 7.570 GC heap after
{Heap after GC invocations=11 (full 0):
 garbage-first heap   total 118784K, used 30805K [0x0000000080000000, 0x0000000100000000)
  region size 1024K, 8 young (8192K), 8 survivors (8192K)
 Metaspace       used 44533K, capacity 45678K, committed 45980K, reserved 1091584K
  class space    used 5622K, capacity 6033K, committed 6092K, reserved 1048576K
}
Event: 8.926 GC heap before
{Heap before GC invocations=11 (full 0):
 garbage-first heap   total 118784K, used 86101K [0x0000000080000000, 0x0000000100000000)
  region size 1024K, 62 young (63488K), 8 survivors (8192K)
 Metaspace       used 48004K, capacity 49239K, committed 49564K, reserved 1093632K
  class space    used 6077K, capacity 6498K, committed 6604K, reserved 1048576K
}
Event: 8.941 GC heap after
{Heap after GC invocations=12 (full 0):
 garbage-first heap   total 143360K, used 32615K [0x0000000080000000, 0x0000000100000000)
  region size 1024K, 5 young (5120K), 5 survivors (5120K)
 Metaspace       used 48004K, capacity 49239K, committed 49564K, reserved 1093632K
  class space    used 6077K, capacity 6498K, committed 6604K, reserved 1048576K
}
Event: 10.973 GC heap before
{Heap before GC invocations=12 (full 0):
 garbage-first heap   total 143360K, used 107367K [0x0000000080000000, 0x0000000100000000)
  region size 1024K, 74 young (75776K), 5 survivors (5120K)
 Metaspace       used 53570K, capacity 55075K, committed 55196K, reserved 1097728K
  class space    used 6795K, capacity 7299K, committed 7372K, reserved 1048576K
}
Event: 10.989 GC heap after
{Heap after GC invocations=13 (full 0):
 garbage-first heap   total 143360K, used 44557K [0x0000000080000000, 0x0000000100000000)
  region size 1024K, 10 young (10240K), 10 survivors (10240K)
 Metaspace       used 53570K, capacity 55075K, committed 55196K, reserved 1097728K
  class space    used 6795K, capacity 7299K, committed 7372K, reserved 1048576K
}
Event: 12.094 GC heap before
{Heap before GC invocations=13 (full 0):
 garbage-first heap   total 143360K, used 80397K [0x0000000080000000, 0x0000000100000000)
  region size 1024K, 46 young (47104K), 10 survivors (10240K)
 Metaspace       used 58971K, capacity 60494K, committed 60636K, reserved 1103872K
  class space    used 7452K, capacity 7974K, committed 8012K, reserved 1048576K
}
Event: 12.116 GC heap after
{Heap after GC invocations=14 (full 0):
 garbage-first heap   total 143360K, used 46838K [0x0000000080000000, 0x0000000100000000)
  region size 1024K, 3 young (3072K), 3 survivors (3072K)
 Metaspace       used 58971K, capacity 60494K, committed 60636K, reserved 1103872K
  class space    used 7452K, capacity 7974K, committed 8012K, reserved 1048576K
}
Event: 13.292 GC heap before
{Heap before GC invocations=15 (full 0):
 garbage-first heap   total 143360K, used 105206K [0x0000000080000000, 0x0000000100000000)
  region size 1024K, 54 young (55296K), 3 survivors (3072K)
 Metaspace       used 63222K, capacity 64814K, committed 65064K, reserved 1107968K
  class space    used 7958K, capacity 8530K, committed 8652K, reserved 1048576K
}
Event: 13.308 GC heap after
{Heap after GC invocations=16 (full 0):
 garbage-first heap   total 143360K, used 51107K [0x0000000080000000, 0x0000000100000000)
  region size 1024K, 7 young (7168K), 7 survivors (7168K)
 Metaspace       used 63222K, capacity 64814K, committed 65064K, reserved 1107968K
  class space    used 7958K, capacity 8530K, committed 8652K, reserved 1048576K
}
Event: 14.041 GC heap before
{Heap before GC invocations=17 (full 0):
 garbage-first heap   total 143360K, used 104355K [0x0000000080000000, 0x0000000100000000)
  region size 1024K, 58 young (59392K), 7 survivors (7168K)
 Metaspace       used 65219K, capacity 66893K, committed 67112K, reserved 1110016K
  class space    used 8229K, capacity 8809K, committed 8908K, reserved 1048576K
}

