# JRE version: OpenJDK Runtime Environment (11.0.13) (build 11.0.13+0-b1751.21-8125866)
# Java VM: OpenJDK 64-Bit Server VM (11.0.13+0-b1751.21-8125866, mixed mode, tiered, compressed oops, g1 gc, windows-amd64)
Heap:
 garbage-first heap   total 172032K, used 64040K [0x0000000080000000, 0x0000000100000000)
  region size 1024K, 7 young (7168K), 7 survivors (7168K)
 Metaspace       used 77053K, capacity 78838K, committed 79056K, reserved 1118208K
  class space    used 10040K, capacity 10702K, committed 10752K, reserved 1048576K
GC Heap History (20 events):
Event: 7.882 GC heap after
{Heap after GC invocations=10 (full 0):
 garbage-first heap   total 98304K, used 27417K [0x0000000080000000, 0x0000000100000000)
  region size 1024K, 7 young (7168K), 7 survivors (7168K)
 Metaspace       used 39204K, capacity 40132K, committed 40400K, reserved 1085440K
  class space    used 4942K, capacity 5260K, committed 5376K, reserved 1048576K
}
Event: 8.562 GC heap before
{Heap before GC invocations=10 (full 0):
 garbage-first heap   total 98304K, used 73497K [0x0000000080000000, 0x0000000100000000)
  region size 1024K, 52 young (53248K), 7 survivors (7168K)
 Metaspace       used 42408K, capacity 43470K, committed 43728K, reserved 1087488K
  class space    used 5401K, capacity 5767K, committed 5888K, reserved 1048576K
}
Event: 8.575 GC heap after
{Heap after GC invocations=11 (full 0):
 garbage-first heap   total 98304K, used 30068K [0x0000000080000000, 0x0000000100000000)
  region size 1024K, 6 young (6144K), 6 survivors (6144K)
 Metaspace       used 42408K, capacity 43470K, committed 43728K, reserved 1087488K
  class space    used 5401K, capacity 5767K, committed 5888K, reserved 1048576K
}
Event: 9.159 GC heap before
{Heap before GC invocations=11 (full 0):
 garbage-first heap   total 98304K, used 76148K [0x0000000080000000, 0x0000000100000000)
  region size 1024K, 50 young (51200K), 6 survivors (6144K)
 Metaspace       used 46161K, capacity 47326K, committed 47440K, reserved 1091584K
  class space    used 5855K, capacity 6263K, committed 6272K, reserved 1048576K
}
Event: 9.170 GC heap after
{Heap after GC invocations=12 (full 0):
 garbage-first heap   total 118784K, used 31674K [0x0000000080000000, 0x0000000100000000)
  region size 1024K, 4 young (4096K), 4 survivors (4096K)
 Metaspace       used 46161K, capacity 47326K, committed 47440K, reserved 1091584K
  class space    used 5855K, capacity 6263K, committed 6272K, reserved 1048576K
}
Event: 10.110 GC heap before
{Heap before GC invocations=12 (full 0):
 garbage-first heap   total 118784K, used 83898K [0x0000000080000000, 0x0000000100000000)
  region size 1024K, 56 young (57344K), 4 survivors (4096K)
 Metaspace       used 48569K, capacity 49869K, committed 50128K, reserved 1093632K
  class space    used 6146K, capacity 6627K, committed 6656K, reserved 1048576K
}
Event: 10.121 GC heap after
{Heap after GC invocations=13 (full 0):
 garbage-first heap   total 118784K, used 34740K [0x0000000080000000, 0x0000000100000000)
  region size 1024K, 7 young (7168K), 7 survivors (7168K)
 Metaspace       used 48569K, capacity 49869K, committed 50128K, reserved 1093632K
  class space    used 6146K, capacity 6627K, committed 6656K, reserved 1048576K
}
Event: 11.056 GC heap before
{Heap before GC invocations=13 (full 0):
 garbage-first heap   total 118784K, used 92084K [0x0000000080000000, 0x0000000100000000)
  region size 1024K, 59 young (60416K), 7 survivors (7168K)
 Metaspace       used 53848K, capacity 55265K, committed 55504K, reserved 1097728K
  class space    used 6816K, capacity 7339K, committed 7424K, reserved 1048576K
}
Event: 11.069 GC heap after
{Heap after GC invocations=14 (full 0):
 garbage-first heap   total 118784K, used 45041K [0x0000000080000000, 0x0000000100000000)
  region size 1024K, 8 young (8192K), 8 survivors (8192K)
 Metaspace       used 53848K, capacity 55265K, committed 55504K, reserved 1097728K
  class space    used 6816K, capacity 7339K, committed 7424K, reserved 1048576K
}
Event: 11.760 GC heap before
{Heap before GC invocations=14 (full 0):
 garbage-first heap   total 118784K, used 78833K [0x0000000080000000, 0x0000000100000000)
  region size 1024K, 42 young (43008K), 8 survivors (8192K)
 Metaspace       used 58912K, capacity 60374K, committed 60496K, reserved 1101824K
  class space    used 7437K, capacity 7974K, committed 8064K, reserved 1048576K
}
Event: 11.772 GC heap after
{Heap after GC invocations=15 (full 0):
 garbage-first heap   total 118784K, used 47362K [0x0000000080000000, 0x0000000100000000)
  region size 1024K, 2 young (2048K), 2 survivors (2048K)
 Metaspace       used 58912K, capacity 60374K, committed 60496K, reserved 1101824K
  class space    used 7437K, capacity 7974K, committed 8064K, reserved 1048576K
}
Event: 12.587 GC heap before
{Heap before GC invocations=16 (full 0):
 garbage-first heap   total 118784K, used 95490K [0x0000000080000000, 0x0000000100000000)
  region size 1024K, 43 young (44032K), 2 survivors (2048K)
 Metaspace       used 62352K, capacity 63845K, committed 63952K, reserved 1105920K
  class space    used 7852K, capacity 8398K, committed 8448K, reserved 1048576K
}
Event: 12.599 GC heap after
{Heap after GC invocations=17 (full 0):
 garbage-first heap   total 143360K, used 51161K [0x0000000080000000, 0x0000000100000000)
  region size 1024K, 6 young (6144K), 6 survivors (6144K)
 Metaspace       used 62352K, capacity 63845K, committed 63952K, reserved 1105920K
  class space    used 7852K, capacity 8398K, committed 8448K, reserved 1048576K
}
Event: 13.428 GC heap before
{Heap before GC invocations=18 (full 0):
 garbage-first heap   total 143360K, used 102361K [0x0000000080000000, 0x0000000100000000)
  region size 1024K, 55 young (56320K), 6 survivors (6144K)
 Metaspace       used 65105K, capacity 66638K, committed 66896K, reserved 1107968K
  class space    used 8215K, capacity 8743K, committed 8832K, reserved 1048576K
}
Event: 13.439 GC heap after
{Heap after GC invocations=19 (full 0):
 garbage-first heap   total 143360K, used 54818K [0x0000000080000000, 0x0000000100000000)
  region size 1024K, 4 young (4096K), 4 survivors (4096K)
 Metaspace       used 65105K, capacity 66638K, committed 66896K, reserved 1107968K
  class space    used 8215K, capacity 8743K, committed 8832K, reserved 1048576K
}
Event: 14.108 GC heap before
{Heap before GC invocations=19 (full 0):
 garbage-first heap   total 143360K, used 104994K [0x0000000080000000, 0x0000000100000000)
  region size 1024K, 53 young (54272K), 4 survivors (4096K)
 Metaspace       used 67511K, capacity 69170K, committed 69328K, reserved 1110016K
  class space    used 8555K, capacity 9161K, committed 9216K, reserved 1048576K
}
Event: 14.117 GC heap after
{Heap after GC invocations=20 (full 0):
 garbage-first heap   total 143360K, used 57709K [0x0000000080000000, 0x0000000100000000)
  region size 1024K, 7 young (7168K), 7 survivors (7168K)
 Metaspace       used 67511K, capacity 69170K, committed 69328K, reserved 1110016K
  class space    used 8555K, capacity 9161K, committed 9216K, reserved 1048576K
}
Event: 15.170 GC heap before
{Heap before GC invocations=20 (full 0):
 garbage-first heap   total 143360K, used 107885K [0x0000000080000000, 0x0000000100000000)
  region size 1024K, 56 young (57344K), 7 survivors (7168K)
 Metaspace       used 72818K, capacity 74514K, committed 74832K, reserved 1114112K
  class space    used 9424K, capacity 10029K, committed 10112K, reserved 1048576K
}
Event: 15.183 GC heap after
{Heap after GC invocations=21 (full 0):
 garbage-first heap   total 143360K, used 61278K [0x0000000080000000, 0x0000000100000000)
  region size 1024K, 7 young (7168K), 7 survivors (7168K)
 Metaspace       used 72818K, capacity 74514K, committed 74832K, reserved 1114112K
  class space    used 9424K, capacity 10029K, committed 10112K, reserved 1048576K
}
Event: 16.097 GC heap before
{Heap before GC invocations=21 (full 0):
 garbage-first heap   total 143360K, used 110430K [0x0000000080000000, 0x0000000100000000)
  region size 1024K, 55 young (56320K), 7 survivors (7168K)
 Metaspace       used 77053K, capacity 78838K, committed 79056K, reserved 1118208K
  class space    used 10040K, capacity 10702K, committed 10752K, reserved 1048576K
}

