# JRE version: OpenJDK Runtime Environment (11.0.13) (build 11.0.13+0-b1751.21-8125866)
# Java VM: OpenJDK 64-Bit Server VM (11.0.13+0-b1751.21-8125866, mixed mode, tiered, compressed oops, g1 gc, windows-amd64)
Heap:
 garbage-first heap   total 98304K, used 45979K [0x0000000080000000, 0x0000000100000000)
  region size 1024K, 32 young (32768K), 3 survivors (3072K)
 Metaspace       used 23838K, capacity 24378K, committed 24576K, reserved 1071104K
  class space    used 3013K, capacity 3221K, committed 3328K, reserved 1048576K
GC Heap History (8 events):
Event: 15.380 GC heap before
{Heap before GC invocations=0 (full 0):
 garbage-first heap   total 98304K, used 29696K [0x0000000080000000, 0x0000000100000000)
  region size 1024K, 24 young (24576K), 0 survivors (0K)
 Metaspace       used 10177K, capacity 10333K, committed 10624K, reserved 1058816K
  class space    used 1047K, capacity 1108K, committed 1152K, reserved 1048576K
}
Event: 15.386 GC heap after
{Heap after GC invocations=1 (full 0):
 garbage-first heap   total 98304K, used 9687K [0x0000000080000000, 0x0000000100000000)
  region size 1024K, 3 young (3072K), 3 survivors (3072K)
 Metaspace       used 10177K, capacity 10333K, committed 10624K, reserved 1058816K
  class space    used 1047K, capacity 1108K, committed 1152K, reserved 1048576K
}
Event: 27.114 GC heap before
{Heap before GC invocations=1 (full 0):
 garbage-first heap   total 98304K, used 64983K [0x0000000080000000, 0x0000000100000000)
  region size 1024K, 57 young (58368K), 3 survivors (3072K)
 Metaspace       used 13434K, capacity 13725K, committed 13952K, reserved 1060864K
  class space    used 1463K, capacity 1559K, committed 1664K, reserved 1048576K
}
Event: 27.122 GC heap after
{Heap after GC invocations=2 (full 0):
 garbage-first heap   total 98304K, used 15255K [0x0000000080000000, 0x0000000100000000)
  region size 1024K, 8 young (8192K), 8 survivors (8192K)
 Metaspace       used 13434K, capacity 13725K, committed 13952K, reserved 1060864K
  class space    used 1463K, capacity 1559K, committed 1664K, reserved 1048576K
}
Event: 28.261 GC heap before
{Heap before GC invocations=2 (full 0):
 garbage-first heap   total 98304K, used 62359K [0x0000000080000000, 0x0000000100000000)
  region size 1024K, 55 young (56320K), 8 survivors (8192K)
 Metaspace       used 20669K, capacity 21013K, committed 21120K, reserved 1067008K
  class space    used 2512K, capacity 2648K, committed 2688K, reserved 1048576K
}
Event: 28.267 GC heap after
{Heap after GC invocations=3 (full 0):
 garbage-first heap   total 98304K, used 17371K [0x0000000080000000, 0x0000000100000000)
  region size 1024K, 3 young (3072K), 3 survivors (3072K)
 Metaspace       used 20669K, capacity 21013K, committed 21120K, reserved 1067008K
  class space    used 2512K, capacity 2648K, committed 2688K, reserved 1048576K
}
Event: 28.284 GC heap before
{Heap before GC invocations=3 (full 0):
 garbage-first heap   total 98304K, used 18395K [0x0000000080000000, 0x0000000100000000)
  region size 1024K, 5 young (5120K), 3 survivors (3072K)
 Metaspace       used 20821K, capacity 21193K, committed 21296K, reserved 1069056K
  class space    used 2531K, capacity 2688K, committed 2688K, reserved 1048576K
}
Event: 28.287 GC heap after
{Heap after GC invocations=4 (full 0):
 garbage-first heap   total 98304K, used 17307K [0x0000000080000000, 0x0000000100000000)
  region size 1024K, 3 young (3072K), 3 survivors (3072K)
 Metaspace       used 20821K, capacity 21193K, committed 21296K, reserved 1069056K
  class space    used 2531K, capacity 2688K, committed 2688K, reserved 1048576K
}

